<?xml version="1.0" encoding="UTF-8"?>
<testng-results ignored="0" total="3" passed="3" failed="0" skipped="0">
  <reporter-output>
  </reporter-output>
  <suite started-at="2021-02-14T17:27:36Z" name="All Test Suite" finished-at="2021-02-14T17:28:51Z" duration-ms="74736">
    <groups>
    </groups>
    <test started-at="2021-02-14T17:27:36Z" name="homepage" finished-at="2021-02-14T17:28:51Z" duration-ms="74736">
      <class name="testCases.TC_Homepage_001">
        <test-method is-config="true" signature="lauchBrowser()[pri:0, instance:testCases.TC_Homepage_001@69b794e2]" started-at="2021-02-14T17:27:36Z" name="lauchBrowser" finished-at="2021-02-14T17:27:57Z" duration-ms="21067" status="PASS">
          <reporter-output>
          </reporter-output>
        </test-method> <!-- lauchBrowser -->
        <test-method signature="test(java.lang.String, java.lang.String)[pri:0, instance:testCases.TC_Homepage_001@69b794e2]" started-at="2021-02-14T17:27:57Z" name="test" data-provider="LoginData" finished-at="2021-02-14T17:28:14Z" duration-ms="16454" status="PASS">
          <params>
            <param index="0">
              <value>
                <![CDATA[abc@gmail.com]]>
              </value>
            </param>
            <param index="1">
              <value>
                <![CDATA[12345]]>
              </value>
            </param>
          </params>
          <reporter-output>
          </reporter-output>
        </test-method> <!-- test -->
        <test-method signature="test(java.lang.String, java.lang.String)[pri:0, instance:testCases.TC_Homepage_001@69b794e2]" started-at="2021-02-14T17:28:14Z" name="test" data-provider="LoginData" finished-at="2021-02-14T17:28:30Z" duration-ms="16535" status="PASS">
          <params>
            <param index="0">
              <value>
                <![CDATA[pqr@gmail.com]]>
              </value>
            </param>
            <param index="1">
              <value>
                <![CDATA[1234]]>
              </value>
            </param>
          </params>
          <reporter-output>
          </reporter-output>
        </test-method> <!-- test -->
        <test-method signature="test(java.lang.String, java.lang.String)[pri:0, instance:testCases.TC_Homepage_001@69b794e2]" started-at="2021-02-14T17:28:30Z" name="test" data-provider="LoginData" finished-at="2021-02-14T17:28:47Z" duration-ms="16543" status="PASS">
          <params>
            <param index="0">
              <value>
                <![CDATA[qwer@gmail.com]]>
              </value>
            </param>
            <param index="1">
              <value>
                <![CDATA[123123]]>
              </value>
            </param>
          </params>
          <reporter-output>
          </reporter-output>
        </test-method> <!-- test -->
        <test-method is-config="true" signature="close()[pri:0, instance:testCases.TC_Homepage_001@69b794e2]" started-at="2021-02-14T17:28:47Z" name="close" finished-at="2021-02-14T17:28:51Z" duration-ms="4033" status="PASS">
          <reporter-output>
          </reporter-output>
        </test-method> <!-- close -->
      </class> <!-- testCases.TC_Homepage_001 -->
    </test> <!-- homepage -->
  </suite> <!-- All Test Suite -->
</testng-results>
