<?xml version="1.0" encoding="UTF-8"?>
<testsuite xmlns:xsi="http://www.w3.org/2001/XMLSchema-instance" xsi:noNamespaceSchemaLocation="https://maven.apache.org/surefire/maven-surefire-plugin/xsd/surefire-test-report.xsd" name="TestSuite" time="79.262" tests="3" errors="0" skipped="0" failures="0">
  <properties>
[...]
</properties>
  <testcase name="test" classname="testCases.TC_Homepage_001" time="16.46"/>
  <testcase name="test" classname="testCases.TC_Homepage_001" time="16.525"/>
  <testcase name="test" classname="testCases.TC_Homepage_001" time="16.544"/>
</testsuite>