<?xml version="1.0" encoding="UTF-8"?>
<!-- Generated by org.testng.reporters.JUnitXMLReporter -->
<testsuite ignored="0" hostname="JAISU1158856L" failures="0" tests="3" name="homepage" time="74.736" errors="0" timestamp="14 Feb 2021 17:28:51 GMT">
  <testcase classname="testCases.TC_Homepage_001" name="test" time="16.454"/>
  <testcase classname="testCases.TC_Homepage_001" name="test" time="16.535"/>
  <testcase classname="testCases.TC_Homepage_001" name="test" time="16.543"/>
</testsuite> <!-- homepage -->
